<?xml version="1.0" encoding="UTF-8"?>
<!-- Generated by org.testng.reporters.JUnitReportReporter -->
<testsuite hostname="DESKTOP-EP300T1" failures="0" tests="1" name="testcase.TC002_SignUp" time="105.635" errors="0" timestamp="2023-12-27T13:25:23 IST" skipped="0">
  <testcase classname="testcase.TC002_SignUp" name="signUpTest" time="105.635"/>
  <system-out/>
</testsuite> <!-- testcase.TC002_SignUp -->
