<?xml version="1.0" encoding="UTF-8"?>
<!-- Generated by org.testng.reporters.JUnitReportReporter -->
<testsuite hostname="DESKTOP-EP300T1" failures="0" tests="1" name="testcase.TC008_FlightStatus" time="25.178" errors="0" timestamp="2023-12-27T13:25:23 IST" skipped="0">
  <testcase classname="testcase.TC008_FlightStatus" name="flightStatusTest" time="25.178"/>
  <system-out/>
</testsuite> <!-- testcase.TC008_FlightStatus -->
